<?xml version="1.0" encoding="UTF-8"?>
<!-- Generated by org.testng.reporters.JUnitReportReporter -->
<testsuite hostname="DESKTOP-H723JSC" failures="0" tests="3" name="batchTesting.LoginTest" time="0.018" errors="0" timestamp="2024-03-12T16:01:23 IST" skipped="0">
  <testcase classname="batchTesting.LoginTest" name="loginByTwitter" time="0.003"/>
  <testcase classname="batchTesting.LoginTest" name="loginByFacebook" time="0.003"/>
  <testcase classname="batchTesting.LoginTest" name="loginByEmail" time="0.012"/>
</testsuite> <!-- batchTesting.LoginTest -->
