<?xml version="1.0" encoding="UTF-8"?>
<!-- Generated by org.testng.reporters.JUnitReportReporter -->
<testsuite hostname="DESKTOP-H723JSC" failures="0" tests="3" name="batchTesting.SignupTest" time="0.007" errors="0" timestamp="2024-03-12T16:01:23 IST" skipped="0">
  <testcase classname="batchTesting.SignupTest" name="SignupByFacebook" time="0.003"/>
  <testcase classname="batchTesting.SignupTest" name="SignupByTwitter" time="0.002"/>
  <testcase classname="batchTesting.SignupTest" name="SignupByEmail" time="0.002"/>
</testsuite> <!-- batchTesting.SignupTest -->
