<?xml version="1.0" encoding="UTF-8"?>
<!-- Generated by org.testng.reporters.JUnitReportReporter -->
<testsuite hostname="DESKTOP-H723JSC" failures="0" tests="1" name="assertions.Test1" time="0.028" errors="0" timestamp="2024-03-12T13:41:55 IST" skipped="0">
  <testcase classname="assertions.Test1" name="demoTest" time="0.028"/>
</testsuite> <!-- assertions.Test1 -->
