<?xml version="1.0" encoding="UTF-8"?>
<!-- Generated by org.testng.reporters.JUnitReportReporter -->
<testsuite hostname="DESKTOP-H723JSC" failures="0" tests="2" name="batchTesting.PaymentTest" time="0.004" errors="0" timestamp="2024-03-12T16:01:23 IST" skipped="0">
  <testcase classname="batchTesting.PaymentTest" name="PaymentinDollars" time="0.002"/>
  <testcase classname="batchTesting.PaymentTest" name="PaymentinRupees" time="0.002"/>
</testsuite> <!-- batchTesting.PaymentTest -->
