<?xml version="1.0" encoding="UTF-8"?>
<!-- Generated by org.testng.reporters.JUnitReportReporter -->
<testsuite hostname="DESKTOP-H723JSC" failures="0" tests="1" name="batchTesting.PaymentsReturns" time="0.001" errors="0" timestamp="2024-03-12T16:01:23 IST" skipped="0">
  <testcase classname="batchTesting.PaymentsReturns" name="PaymentReturnBank" time="0.001"/>
</testsuite> <!-- batchTesting.PaymentsReturns -->
